app/build/outputs/logs/manifest-merger-debug-report.txt
-- Merging decision tree log ---
manifest
ADDED from src/main/AndroidManifest.xml:2:1-88:12
	package
		ADDED from src/main/AndroidManifest.xml:3:5-24
		INJECTED from src/main/AndroidManifest.xml
		INJECTED from src/main/AndroidManifest.xml
	android:versionName
		ADDED from src/main/AndroidManifest.xml:5:5-30
		INJECTED from src/main/AndroidManifest.xml
		INJECTED from src/main/AndroidManifest.xml
	android:versionCode
		ADDED from src/main/AndroidManifest.xml:4:5-28
		INJECTED from src/main/AndroidManifest.xml
		INJECTED from src/main/AndroidManifest.xml
	xmlns:android
		ADDED from src/main/AndroidManifest.xml:2:11-69
uses-sdk
ADDED from src/main/AndroidManifest.xml:7:5-9:41
MERGED from [com.android.support:support-v4:23.4.0] AndroidManifest.xml:20:5-43
MERGED from [com.android.support:design:23.4.0] AndroidManifest.xml:20:5-43
MERGED from [com.android.support:recyclerview-v7:23.4.0] AndroidManifest.xml:20:5-43
MERGED from [com.android.support:support-v4:23.4.0] AndroidManifest.xml:20:5-43
MERGED from [com.android.support:appcompat-v7:23.4.0] AndroidManifest.xml:21:5-23:78
MERGED from [com.android.support:animated-vector-drawable:23.4.0] AndroidManifest.xml:5:5-44
MERGED from [com.android.support:support-vector-drawable:23.4.0] AndroidManifest.xml:5:5-43
MERGED from [com.android.support:support-v4:23.4.0] AndroidManifest.xml:20:5-43
MERGED from [com.android.support:support-v4:23.4.0] AndroidManifest.xml:20:5-43
MERGED from [com.android.support:support-vector-drawable:23.4.0] AndroidManifest.xml:5:5-43
MERGED from [com.android.support:support-v4:23.4.0] AndroidManifest.xml:20:5-43
MERGED from [com.android.support:support-v4:23.4.0] AndroidManifest.xml:20:5-43
MERGED from [com.google.android.gms:play-services-appindexing:8.1.0] AndroidManifest.xml:18:5-42
MERGED from [com.google.android.gms:play-services-basement:8.1.0] AndroidManifest.xml:18:5-42
MERGED from [com.android.support:support-v4:23.4.0] AndroidManifest.xml:20:5-43
	tools:overrideLibrary
		ADDED from [com.android.support:appcompat-v7:23.4.0] AndroidManifest.xml:23:9-75
	android:targetSdkVersion
		ADDED from src/main/AndroidManifest.xml:9:9-38
		INJECTED from src/main/AndroidManifest.xml
		INJECTED from src/main/AndroidManifest.xml
	android:minSdkVersion
		ADDED from src/main/AndroidManifest.xml:8:9-35
		INJECTED from src/main/AndroidManifest.xml
		INJECTED from src/main/AndroidManifest.xml
application
ADDED from src/main/AndroidManifest.xml:11:5-77:19
MERGED from [com.android.support:support-v4:23.4.0] AndroidManifest.xml:22:5-20
MERGED from [com.android.support:design:23.4.0] AndroidManifest.xml:22:5-20
MERGED from [com.android.support:support-v4:23.4.0] AndroidManifest.xml:22:5-20
MERGED from [com.android.support:appcompat-v7:23.4.0] AndroidManifest.xml:25:5-20
MERGED from [com.android.support:animated-vector-drawable:23.4.0] AndroidManifest.xml:7:5-20
MERGED from [com.android.support:support-vector-drawable:23.4.0] AndroidManifest.xml:7:5-20
MERGED from [com.android.support:support-v4:23.4.0] AndroidManifest.xml:22:5-20
MERGED from [com.android.support:support-v4:23.4.0] AndroidManifest.xml:22:5-20
MERGED from [com.android.support:support-vector-drawable:23.4.0] AndroidManifest.xml:7:5-20
MERGED from [com.android.support:support-v4:23.4.0] AndroidManifest.xml:22:5-20
MERGED from [com.android.support:support-v4:23.4.0] AndroidManifest.xml:22:5-20
MERGED from [com.google.android.gms:play-services-appindexing:8.1.0] AndroidManifest.xml:19:5-20
MERGED from [com.google.android.gms:play-services-basement:8.1.0] AndroidManifest.xml:20:5-24:19
MERGED from [com.android.support:support-v4:23.4.0] AndroidManifest.xml:22:5-20
	android:label
		ADDED from src/main/AndroidManifest.xml:15:9-41
	android:allowBackup
		ADDED from src/main/AndroidManifest.xml:13:9-35
	android:icon
		ADDED from src/main/AndroidManifest.xml:14:9-45
	android:theme
		ADDED from src/main/AndroidManifest.xml:16:9-40
	android:name
		ADDED from src/main/AndroidManifest.xml:12:9-36
activity#com.chatt.SplashScreen
ADDED from src/main/AndroidManifest.xml:18:9-31:20
	android:screenOrientation
		ADDED from src/main/AndroidManifest.xml:21:13-50
	android:label
		ADDED from src/main/AndroidManifest.xml:20:13-45
	android:launchMode
		ADDED from src/main/AndroidManifest.xml:24:13-43
	android:noHistory
		ADDED from src/main/AndroidManifest.xml:25:13-37
	android:windowSoftInputMode
		ADDED from src/main/AndroidManifest.xml:22:13-54
	android:theme
		ADDED from src/main/AndroidManifest.xml:23:13-77
	android:name
		ADDED from src/main/AndroidManifest.xml:19:13-40
intent-filter#android.intent.action.MAIN+android.intent.category.LAUNCHER
ADDED from src/main/AndroidManifest.xml:26:13-30:29
action#android.intent.action.MAIN
ADDED from src/main/AndroidManifest.xml:27:17-69
	android:name
		ADDED from src/main/AndroidManifest.xml:27:25-66
category#android.intent.category.LAUNCHER
ADDED from src/main/AndroidManifest.xml:29:17-77
	android:name
		ADDED from src/main/AndroidManifest.xml:29:27-74
activity#com.chatt.Login
ADDED from src/main/AndroidManifest.xml:33:9-40:20
	android:screenOrientation
		ADDED from src/main/AndroidManifest.xml:35:13-50
	android:launchMode
		ADDED from src/main/AndroidManifest.xml:38:13-43
	android:noHistory
		ADDED from src/main/AndroidManifest.xml:39:13-37
	android:windowSoftInputMode
		ADDED from src/main/AndroidManifest.xml:36:13-54
	android:theme
		ADDED from src/main/AndroidManifest.xml:37:13-77
	android:name
		ADDED from src/main/AndroidManifest.xml:34:13-33
activity#com.chatt.MainActivity
ADDED from src/main/AndroidManifest.xml:42:9-49:20
	android:screenOrientation
		ADDED from src/main/AndroidManifest.xml:45:13-50
	android:label
		ADDED from src/main/AndroidManifest.xml:44:13-45
	android:launchMode
		ADDED from src/main/AndroidManifest.xml:47:13-43
	android:noHistory
		ADDED from src/main/AndroidManifest.xml:48:13-37
	android:windowSoftInputMode
		ADDED from src/main/AndroidManifest.xml:46:13-67
	android:name
		ADDED from src/main/AndroidManifest.xml:43:13-40
activity#com.chatt.NewChat
ADDED from src/main/AndroidManifest.xml:50:9-57:20
	android:screenOrientation
		ADDED from src/main/AndroidManifest.xml:53:13-50
	android:label
		ADDED from src/main/AndroidManifest.xml:52:13-45
	android:launchMode
		ADDED from src/main/AndroidManifest.xml:55:13-43
	android:noHistory
		ADDED from src/main/AndroidManifest.xml:56:13-37
	android:windowSoftInputMode
		ADDED from src/main/AndroidManifest.xml:54:13-67
	android:name
		ADDED from src/main/AndroidManifest.xml:51:13-35
activity#com.chatt.ChatView
ADDED from src/main/AndroidManifest.xml:58:9-65:20
	android:screenOrientation
		ADDED from src/main/AndroidManifest.xml:61:13-50
	android:label
		ADDED from src/main/AndroidManifest.xml:60:13-45
	android:launchMode
		ADDED from src/main/AndroidManifest.xml:63:13-43
	android:noHistory
		ADDED from src/main/AndroidManifest.xml:64:13-37
	android:windowSoftInputMode
		ADDED from src/main/AndroidManifest.xml:62:13-67
	android:name
		ADDED from src/main/AndroidManifest.xml:59:13-36
meta-data#com.google.android.gms.version
ADDED from src/main/AndroidManifest.xml:67:9-69:69
MERGED from [com.google.android.gms:play-services-basement:8.1.0] AndroidManifest.xml:21:9-23:69
	android:value
		ADDED from src/main/AndroidManifest.xml:69:13-66
	android:name
		ADDED from src/main/AndroidManifest.xml:68:13-58
uses-permission#android.permission.INTERNET
ADDED from src/main/AndroidManifest.xml:78:5-67
	android:name
		ADDED from src/main/AndroidManifest.xml:78:22-64
uses-permission#android.permission.ACCESS_NETWORK_STATE
ADDED from src/main/AndroidManifest.xml:79:5-79
	android:name
		ADDED from src/main/AndroidManifest.xml:79:22-76
uses-permission#android.permission.CAMERA
ADDED from src/main/AndroidManifest.xml:80:5-64
	android:name
		ADDED from src/main/AndroidManifest.xml:80:22-62
uses-permission#android.permission.CAPTURE_AUDIO_OUTPUT
ADDED from src/main/AndroidManifest.xml:81:5-78
	android:name
		ADDED from src/main/AndroidManifest.xml:81:22-76
uses-permission#android.permission.RECORD_AUDIO
ADDED from src/main/AndroidManifest.xml:82:5-70
	android:name
		ADDED from src/main/AndroidManifest.xml:82:22-68
uses-permission#android.permission.WRITE_EXTERNAL_STORAGE
ADDED from src/main/AndroidManifest.xml:83:5-80
	android:name
		ADDED from src/main/AndroidManifest.xml:83:22-78
uses-permission#android.permission.ACCESS_WIFI_STATE
ADDED from src/main/AndroidManifest.xml:84:5-76
	android:name
		ADDED from src/main/AndroidManifest.xml:84:22-73
uses-permission#android.permission.READ_PHONE_STATE
ADDED from src/main/AndroidManifest.xml:85:5-75
	android:name
		ADDED from src/main/AndroidManifest.xml:85:22-72
uses-permission#android.permission.WAKE_LOCK
ADDED from src/main/AndroidManifest.xml:86:5-68
	android:name
		ADDED from src/main/AndroidManifest.xml:86:22-65